<?xml version="1.0" encoding="UTF-8"?>
<!-- Generated by org.testng.reporters.JUnitReportReporter -->
<testsuite skipped="0" hostname="vicky-PC" name="com.excel.test.UsingTestNG" tests="4" failures="0" timestamp="2020-07-17T18:55:34 IST" time="52.563" errors="0">
  <testcase name="LoginTest" time="15.715" classname="com.excel.test.UsingTestNG"/>
  <system-out/>
  <testcase name="LoginTest" time="14.850" classname="com.excel.test.UsingTestNG"/>
  <system-out/>
  <testcase name="LoginTest" time="10.981" classname="com.excel.test.UsingTestNG"/>
  <system-out/>
  <testcase name="LoginTest" time="11.017" classname="com.excel.test.UsingTestNG"/>
  <system-out/>
</testsuite> <!-- com.excel.test.UsingTestNG -->
