<?xml version="1.0" encoding="UTF-8"?>
<!-- Generated by org.testng.reporters.JUnitReportReporter -->
<testsuite skipped="0" hostname="vicky-PC" name="com.excel.test.PrintAllTable" tests="1" failures="0" timestamp="2020-07-17T18:56:46 IST" time="37.847" errors="0">
  <testcase name="printAllTable" time="37.847" classname="com.excel.test.PrintAllTable"/>
  <system-out/>
</testsuite> <!-- com.excel.test.PrintAllTable -->
